2018-03-01 00:36:27.308 [main] INFO  c.y.g.core.config.GeneratorConfig - the config file has loaded
2018-03-01 00:36:27.316 [main] INFO  c.y.generator.core.config.VelocityConfig - template init success
2018-03-01 00:36:27.461 [main] INFO  c.y.g.c.g.f.FolderGenerator - base folder clean completed
2018-03-01 00:36:27.461 [main] INFO  c.y.g.c.g.f.FolderGenerator - base folder create completed
2018-03-01 00:36:27.462 [main] INFO  c.y.g.c.g.f.FolderGenerator - test folder create completed
2018-03-01 00:36:27.729 [main] INFO  c.y.g.c.generator.reader.MysqlDbReader - get table : category
2018-03-01 00:36:27.740 [main] INFO  c.y.g.c.generator.reader.MysqlDbReader - get table : product
2018-03-01 00:36:27.740 [main] INFO  c.y.g.c.generator.reader.MysqlDbReader - get table : user
2018-03-01 00:36:27.756 [main] INFO  c.y.g.c.generator.reader.MysqlDbReader - get table primaryKey, table : category, primaryKey : id
2018-03-01 00:36:27.778 [main] INFO  c.y.g.c.generator.reader.MysqlDbReader - get table column, table : category, column : id
2018-03-01 00:36:27.779 [main] INFO  c.y.g.c.generator.reader.MysqlDbReader - get table column, table : category, column : name
2018-03-01 00:36:27.794 [main] INFO  c.y.g.c.generator.reader.MysqlDbReader - get table primaryKey, table : product, primaryKey : id
2018-03-01 00:36:27.803 [main] INFO  c.y.g.c.generator.reader.MysqlDbReader - get table column, table : product, column : id
2018-03-01 00:36:27.803 [main] INFO  c.y.g.c.generator.reader.MysqlDbReader - get table column, table : product, column : name
2018-03-01 00:36:27.803 [main] INFO  c.y.g.c.generator.reader.MysqlDbReader - get table column, table : product, column : cid
2018-03-01 00:36:27.811 [main] INFO  c.y.g.c.generator.reader.MysqlDbReader - get table primaryKey, table : user, primaryKey : id
2018-03-01 00:36:27.818 [main] INFO  c.y.g.c.generator.reader.MysqlDbReader - get table column, table : user, column : id
2018-03-01 00:36:27.819 [main] INFO  c.y.g.c.generator.reader.MysqlDbReader - get table column, table : user, column : age
2018-03-01 00:36:27.819 [main] INFO  c.y.g.c.generator.reader.MysqlDbReader - get table column, table : user, column : name
2018-03-01 00:36:27.837 [main] INFO  c.y.g.c.g.dbGenerator.MysqlGenerator - generate code file for table : category 
2018-03-01 00:36:27.841 [main] INFO  c.y.g.c.g.dbGenerator.MysqlGenerator - generate ouput java dir : d:/tmp1/generator-result/src/main/java/com/oovever/test/
2018-03-01 00:36:27.843 [main] INFO  c.y.g.c.g.dbGenerator.MysqlGenerator - generate ouput mapper dir : d:/tmp1/generator-result/src/main/resources/mapper/
2018-03-01 00:36:27.856 [main] INFO  c.y.g.c.g.c.pojo.MysqlPoJoGenerator - generate : CategoryPojo.java
2018-03-01 00:36:27.882 [main] INFO  c.y.g.c.g.c.c.MysqlControllerGenerator - generate controller : CategoryController.java
2018-03-01 00:36:27.904 [main] INFO  c.y.g.c.g.c.s.MysqlServiceGenerator - generate service : CategoryService.java
2018-03-01 00:36:27.920 [main] INFO  c.y.g.c.g.c.dao.MysqlDaoGenerator - generate dao : CategoryDao.java
2018-03-01 00:36:27.936 [main] INFO  c.y.g.c.g.c.dao.MysqlDaoMapperGenerator - generate mapper: Category.xml
2018-03-01 00:36:27.962 [main] INFO  c.y.g.c.g.dbGenerator.MysqlGenerator - generate code file for table : product 
2018-03-01 00:36:27.963 [main] INFO  c.y.g.c.g.dbGenerator.MysqlGenerator - generate ouput java dir : d:/tmp1/generator-result/src/main/java/com/oovever/test/
2018-03-01 00:36:27.963 [main] INFO  c.y.g.c.g.dbGenerator.MysqlGenerator - generate ouput mapper dir : d:/tmp1/generator-result/src/main/resources/mapper/
2018-03-01 00:36:27.963 [main] INFO  c.y.g.c.g.c.pojo.MysqlPoJoGenerator - generate : ProductPojo.java
2018-03-01 00:36:27.970 [main] INFO  c.y.g.c.g.c.c.MysqlControllerGenerator - generate controller : ProductController.java
2018-03-01 00:36:27.982 [main] INFO  c.y.g.c.g.c.s.MysqlServiceGenerator - generate service : ProductService.java
2018-03-01 00:36:27.993 [main] INFO  c.y.g.c.g.c.dao.MysqlDaoGenerator - generate dao : ProductDao.java
2018-03-01 00:36:28.001 [main] INFO  c.y.g.c.g.c.dao.MysqlDaoMapperGenerator - generate mapper: Product.xml
2018-03-01 00:36:28.017 [main] INFO  c.y.g.c.g.dbGenerator.MysqlGenerator - generate code file for table : user 
2018-03-01 00:36:28.018 [main] INFO  c.y.g.c.g.dbGenerator.MysqlGenerator - generate ouput java dir : d:/tmp1/generator-result/src/main/java/com/oovever/test/
2018-03-01 00:36:28.018 [main] INFO  c.y.g.c.g.dbGenerator.MysqlGenerator - generate ouput mapper dir : d:/tmp1/generator-result/src/main/resources/mapper/
2018-03-01 00:36:28.018 [main] INFO  c.y.g.c.g.c.pojo.MysqlPoJoGenerator - generate : UserPojo.java
2018-03-01 00:36:28.047 [main] INFO  c.y.g.c.g.c.c.MysqlControllerGenerator - generate controller : UserController.java
2018-03-01 00:36:28.064 [main] INFO  c.y.g.c.g.c.s.MysqlServiceGenerator - generate service : UserService.java
2018-03-01 00:36:28.098 [main] INFO  c.y.g.c.g.c.dao.MysqlDaoGenerator - generate dao : UserDao.java
2018-03-01 00:36:28.106 [main] INFO  c.y.g.c.g.c.dao.MysqlDaoMapperGenerator - generate mapper: User.xml
2018-03-01 00:36:28.125 [main] INFO  c.y.g.c.g.c.r.MybatisConfigGenerator - generate mybatis config
2018-03-01 00:36:28.142 [main] INFO  c.y.g.c.g.c.ApplicationGenerator - generate ProjectApplication ...
2018-03-01 00:36:28.164 [main] INFO  c.y.g.c.g.c.ApplicationGenerator - finish generate ProjectApplication
2018-03-01 00:36:28.170 [main] INFO  c.y.g.c.g.c.resource.LogConfigGenerator - generate log config
2018-03-01 00:36:28.266 [main] INFO  c.y.g.c.g.c.resource.PomGenerator - generate pom ...
2018-03-01 00:36:28.280 [main] INFO  c.y.g.c.g.c.resource.PropertiesGenerator - generate properties ...
2018-03-01 00:36:54.895 [main] INFO  c.y.g.core.config.GeneratorConfig - the config file has loaded
2018-03-01 00:36:57.129 [main] INFO  c.y.generator.core.config.VelocityConfig - template init success
2018-03-01 00:36:59.499 [main] INFO  c.y.g.c.g.f.FolderGenerator - base folder clean completed
2018-03-01 00:37:00.220 [main] INFO  c.y.g.c.g.f.FolderGenerator - base folder create completed
2018-03-01 00:37:00.658 [main] INFO  c.y.g.c.g.f.FolderGenerator - test folder create completed
2018-03-01 00:37:14.414 [main] INFO  c.y.g.c.generator.reader.MysqlDbReader - get table : category
2018-03-01 00:37:14.417 [main] INFO  c.y.g.c.generator.reader.MysqlDbReader - get table : product
2018-03-01 00:37:14.418 [main] INFO  c.y.g.c.generator.reader.MysqlDbReader - get table : user
2018-03-01 00:37:19.058 [main] INFO  c.y.g.c.generator.reader.MysqlDbReader - get table primaryKey, table : category, primaryKey : id
2018-03-01 00:37:19.107 [main] INFO  c.y.g.c.generator.reader.MysqlDbReader - get table column, table : category, column : id
2018-03-01 00:37:19.107 [main] INFO  c.y.g.c.generator.reader.MysqlDbReader - get table column, table : category, column : name
2018-03-01 00:37:22.900 [main] INFO  c.y.g.c.generator.reader.MysqlDbReader - get table primaryKey, table : product, primaryKey : id
2018-03-01 00:37:22.910 [main] INFO  c.y.g.c.generator.reader.MysqlDbReader - get table column, table : product, column : id
2018-03-01 00:37:22.910 [main] INFO  c.y.g.c.generator.reader.MysqlDbReader - get table column, table : product, column : name
2018-03-01 00:37:22.910 [main] INFO  c.y.g.c.generator.reader.MysqlDbReader - get table column, table : product, column : cid
2018-03-01 00:37:22.920 [main] INFO  c.y.g.c.generator.reader.MysqlDbReader - get table primaryKey, table : user, primaryKey : id
2018-03-01 00:37:22.928 [main] INFO  c.y.g.c.generator.reader.MysqlDbReader - get table column, table : user, column : id
2018-03-01 00:37:22.928 [main] INFO  c.y.g.c.generator.reader.MysqlDbReader - get table column, table : user, column : age
2018-03-01 00:37:22.928 [main] INFO  c.y.g.c.generator.reader.MysqlDbReader - get table column, table : user, column : name
2018-03-01 00:37:22.931 [main] INFO  c.y.g.c.g.dbGenerator.MysqlGenerator - generate code file for table : category 
2018-03-01 00:37:22.937 [main] INFO  c.y.g.c.g.dbGenerator.MysqlGenerator - generate ouput java dir : d:/tmp1/generator-result/src/main/java/com/oovever/test/
2018-03-01 00:37:22.939 [main] INFO  c.y.g.c.g.dbGenerator.MysqlGenerator - generate ouput mapper dir : d:/tmp1/generator-result/src/main/resources/mapper/
2018-03-01 00:37:22.941 [main] INFO  c.y.g.c.g.c.pojo.MysqlPoJoGenerator - generate : CategoryPojo.java
2018-03-01 00:37:22.969 [main] INFO  c.y.g.c.g.c.c.MysqlControllerGenerator - generate controller : CategoryController.java
2018-03-01 00:37:22.983 [main] INFO  c.y.g.c.g.c.s.MysqlServiceGenerator - generate service : CategoryService.java
2018-03-01 00:37:22.991 [main] INFO  c.y.g.c.g.c.dao.MysqlDaoGenerator - generate dao : CategoryDao.java
2018-03-01 00:37:22.997 [main] INFO  c.y.g.c.g.c.dao.MysqlDaoMapperGenerator - generate mapper: Category.xml
2018-03-01 00:37:23.014 [main] INFO  c.y.g.c.g.dbGenerator.MysqlGenerator - generate code file for table : product 
2018-03-01 00:37:23.014 [main] INFO  c.y.g.c.g.dbGenerator.MysqlGenerator - generate ouput java dir : d:/tmp1/generator-result/src/main/java/com/oovever/test/
2018-03-01 00:37:23.014 [main] INFO  c.y.g.c.g.dbGenerator.MysqlGenerator - generate ouput mapper dir : d:/tmp1/generator-result/src/main/resources/mapper/
2018-03-01 00:37:23.014 [main] INFO  c.y.g.c.g.c.pojo.MysqlPoJoGenerator - generate : ProductPojo.java
2018-03-01 00:37:23.020 [main] INFO  c.y.g.c.g.c.c.MysqlControllerGenerator - generate controller : ProductController.java
2018-03-01 00:37:23.028 [main] INFO  c.y.g.c.g.c.s.MysqlServiceGenerator - generate service : ProductService.java
2018-03-01 00:37:23.035 [main] INFO  c.y.g.c.g.c.dao.MysqlDaoGenerator - generate dao : ProductDao.java
2018-03-01 00:37:23.039 [main] INFO  c.y.g.c.g.c.dao.MysqlDaoMapperGenerator - generate mapper: Product.xml
2018-03-01 00:37:23.048 [main] INFO  c.y.g.c.g.dbGenerator.MysqlGenerator - generate code file for table : user 
2018-03-01 00:37:23.049 [main] INFO  c.y.g.c.g.dbGenerator.MysqlGenerator - generate ouput java dir : d:/tmp1/generator-result/src/main/java/com/oovever/test/
2018-03-01 00:37:23.049 [main] INFO  c.y.g.c.g.dbGenerator.MysqlGenerator - generate ouput mapper dir : d:/tmp1/generator-result/src/main/resources/mapper/
2018-03-01 00:37:23.049 [main] INFO  c.y.g.c.g.c.pojo.MysqlPoJoGenerator - generate : UserPojo.java
2018-03-01 00:37:23.074 [main] INFO  c.y.g.c.g.c.c.MysqlControllerGenerator - generate controller : UserController.java
2018-03-01 00:37:23.103 [main] INFO  c.y.g.c.g.c.s.MysqlServiceGenerator - generate service : UserService.java
2018-03-01 00:37:23.128 [main] INFO  c.y.g.c.g.c.dao.MysqlDaoGenerator - generate dao : UserDao.java
2018-03-01 00:37:23.134 [main] INFO  c.y.g.c.g.c.dao.MysqlDaoMapperGenerator - generate mapper: User.xml
2018-03-01 00:47:46.584 [main] INFO  c.y.g.core.config.GeneratorConfig - the config file has loaded
2018-03-01 00:47:46.590 [main] INFO  c.y.generator.core.config.VelocityConfig - template init success
2018-03-01 00:47:46.721 [main] INFO  c.y.g.c.g.f.FolderGenerator - base folder clean completed
2018-03-01 00:47:46.722 [main] INFO  c.y.g.c.g.f.FolderGenerator - base folder create completed
2018-03-01 00:47:46.723 [main] INFO  c.y.g.c.g.f.FolderGenerator - test folder create completed
2018-03-01 00:47:46.929 [main] INFO  c.y.g.c.generator.reader.MysqlDbReader - get table : category
2018-03-01 00:47:46.930 [main] INFO  c.y.g.c.generator.reader.MysqlDbReader - get table : product
2018-03-01 00:47:46.930 [main] INFO  c.y.g.c.generator.reader.MysqlDbReader - get table : user
2018-03-01 00:47:46.941 [main] INFO  c.y.g.c.generator.reader.MysqlDbReader - get table primaryKey, table : category, primaryKey : id
2018-03-01 00:47:46.958 [main] INFO  c.y.g.c.generator.reader.MysqlDbReader - get table column, table : category, column : id
2018-03-01 00:47:46.959 [main] INFO  c.y.g.c.generator.reader.MysqlDbReader - get table column, table : category, column : name
2018-03-01 00:47:46.970 [main] INFO  c.y.g.c.generator.reader.MysqlDbReader - get table primaryKey, table : product, primaryKey : id
2018-03-01 00:47:46.978 [main] INFO  c.y.g.c.generator.reader.MysqlDbReader - get table column, table : product, column : id
2018-03-01 00:47:46.979 [main] INFO  c.y.g.c.generator.reader.MysqlDbReader - get table column, table : product, column : name
2018-03-01 00:47:46.979 [main] INFO  c.y.g.c.generator.reader.MysqlDbReader - get table column, table : product, column : cid
2018-03-01 00:47:46.985 [main] INFO  c.y.g.c.generator.reader.MysqlDbReader - get table primaryKey, table : user, primaryKey : id
2018-03-01 00:47:46.994 [main] INFO  c.y.g.c.generator.reader.MysqlDbReader - get table column, table : user, column : id
2018-03-01 00:47:46.994 [main] INFO  c.y.g.c.generator.reader.MysqlDbReader - get table column, table : user, column : age
2018-03-01 00:47:46.994 [main] INFO  c.y.g.c.generator.reader.MysqlDbReader - get table column, table : user, column : name
2018-03-01 00:47:47.005 [main] INFO  c.y.g.c.g.dbGenerator.MysqlGenerator - generate code file for table : category 
2018-03-01 00:47:47.009 [main] INFO  c.y.g.c.g.dbGenerator.MysqlGenerator - generate ouput java dir : d:/tmp1/generator-result/src/main/java/com/oovever/test/
2018-03-01 00:47:47.011 [main] INFO  c.y.g.c.g.dbGenerator.MysqlGenerator - generate ouput mapper dir : d:/tmp1/generator-result/src/main/resources/mapper/
2018-03-01 00:47:47.017 [main] INFO  c.y.g.c.g.c.pojo.MysqlPoJoGenerator - generate : CategoryPojo.java
2018-03-01 00:47:47.047 [main] INFO  c.y.g.c.g.c.c.MysqlControllerGenerator - generate controller : CategoryController.java
2018-03-01 00:47:47.069 [main] INFO  c.y.g.c.g.c.s.MysqlServiceGenerator - generate service : CategoryService.java
2018-03-01 00:47:47.091 [main] INFO  c.y.g.c.g.c.dao.MysqlDaoGenerator - generate dao : CategoryDao.java
2018-03-01 00:47:47.107 [main] INFO  c.y.g.c.g.c.dao.MysqlDaoMapperGenerator - generate mapper: Category.xml
2018-03-01 00:47:47.122 [main] INFO  c.y.g.c.g.dbGenerator.MysqlGenerator - generate code file for table : product 
2018-03-01 00:47:47.123 [main] INFO  c.y.g.c.g.dbGenerator.MysqlGenerator - generate ouput java dir : d:/tmp1/generator-result/src/main/java/com/oovever/test/
2018-03-01 00:47:47.123 [main] INFO  c.y.g.c.g.dbGenerator.MysqlGenerator - generate ouput mapper dir : d:/tmp1/generator-result/src/main/resources/mapper/
2018-03-01 00:47:47.123 [main] INFO  c.y.g.c.g.c.pojo.MysqlPoJoGenerator - generate : ProductPojo.java
2018-03-01 00:47:47.130 [main] INFO  c.y.g.c.g.c.c.MysqlControllerGenerator - generate controller : ProductController.java
2018-03-01 00:47:47.140 [main] INFO  c.y.g.c.g.c.s.MysqlServiceGenerator - generate service : ProductService.java
2018-03-01 00:47:47.150 [main] INFO  c.y.g.c.g.c.dao.MysqlDaoGenerator - generate dao : ProductDao.java
2018-03-01 00:47:47.155 [main] INFO  c.y.g.c.g.c.dao.MysqlDaoMapperGenerator - generate mapper: Product.xml
2018-03-01 00:47:47.165 [main] INFO  c.y.g.c.g.dbGenerator.MysqlGenerator - generate code file for table : user 
2018-03-01 00:47:47.165 [main] INFO  c.y.g.c.g.dbGenerator.MysqlGenerator - generate ouput java dir : d:/tmp1/generator-result/src/main/java/com/oovever/test/
2018-03-01 00:47:47.166 [main] INFO  c.y.g.c.g.dbGenerator.MysqlGenerator - generate ouput mapper dir : d:/tmp1/generator-result/src/main/resources/mapper/
2018-03-01 00:47:47.166 [main] INFO  c.y.g.c.g.c.pojo.MysqlPoJoGenerator - generate : UserPojo.java
2018-03-01 00:47:47.186 [main] INFO  c.y.g.c.g.c.c.MysqlControllerGenerator - generate controller : UserController.java
2018-03-01 00:47:47.224 [main] INFO  c.y.g.c.g.c.s.MysqlServiceGenerator - generate service : UserService.java
2018-03-01 00:47:47.258 [main] INFO  c.y.g.c.g.c.dao.MysqlDaoGenerator - generate dao : UserDao.java
2018-03-01 00:47:47.264 [main] INFO  c.y.g.c.g.c.dao.MysqlDaoMapperGenerator - generate mapper: User.xml
2018-03-01 00:47:47.281 [main] INFO  c.y.g.c.g.c.r.MybatisConfigGenerator - generate mybatis config
2018-03-01 00:47:47.293 [main] INFO  c.y.g.c.g.c.ApplicationGenerator - generate ProjectApplication ...
2018-03-01 00:47:47.304 [main] INFO  c.y.g.c.g.c.ApplicationGenerator - finish generate ProjectApplication
2018-03-01 00:47:47.305 [main] INFO  c.y.g.c.g.c.resource.LogConfigGenerator - generate log config
2018-03-01 00:47:47.340 [main] INFO  c.y.g.c.g.c.resource.PomGenerator - generate pom ...
2018-03-01 00:47:47.348 [main] INFO  c.y.g.c.g.c.resource.PropertiesGenerator - generate properties ...
